Found cached dataset imdb (/home/yuli/.cache/huggingface/datasets/imdb/plain_text/1.0.0/d613c88cf8fa3bab83b4ded3713f1f74830d1100e171db75bbddb80b3345c9c0)
Register hook for Embedding-word_embeddings
Register hook for Embedding-position_embeddings
Register hook for Embedding-token_type_embeddings
Register hook for LayerNorm-token_type_embeddings
Register hook for Dropout-token_type_embeddings
Register hook for BertAttention-0
Register hook for BertIntermediate-0
Register hook for BertOutput-0
Register hook for BertAttention-1
Register hook for BertIntermediate-1
Register hook for BertOutput-1
Register hook for BertAttention-2
Register hook for BertIntermediate-2
Register hook for BertOutput-2
Register hook for BertAttention-3
Register hook for BertIntermediate-3
Register hook for BertOutput-3
Register hook for BertAttention-4
Register hook for BertIntermediate-4
Register hook for BertOutput-4
Register hook for BertAttention-5
Register hook for BertIntermediate-5
Register hook for BertOutput-5
Register hook for BertAttention-6
Register hook for BertIntermediate-6
Register hook for BertOutput-6
Register hook for BertAttention-7
Register hook for BertIntermediate-7
Register hook for BertOutput-7
Register hook for BertAttention-8
Register hook for BertIntermediate-8
Register hook for BertOutput-8
Register hook for BertAttention-9
Register hook for BertIntermediate-9
Register hook for BertOutput-9
Register hook for BertAttention-10
Register hook for BertIntermediate-10
Register hook for BertOutput-10
Register hook for BertAttention-11
Register hook for BertIntermediate-11
Register hook for BertOutput-11
Register hook for BertPooler
Register hook for Dropout
Register hook for Linear
Loading cached processed dataset at /home/yuli/.cache/huggingface/datasets/imdb/plain_text/1.0.0/d613c88cf8fa3bab83b4ded3713f1f74830d1100e171db75bbddb80b3345c9c0/cache-ddfc6144b9052ef3.arrow
Loading cached processed dataset at /home/yuli/.cache/huggingface/datasets/imdb/plain_text/1.0.0/d613c88cf8fa3bab83b4ded3713f1f74830d1100e171db75bbddb80b3345c9c0/cache-a59b8b637bdc4d27.arrow
